c:\users\e\source\repos\coursework\coursework\debug\vc141.pdb
c:\users\e\source\repos\coursework\coursework\debug\vc141.idb
c:\users\e\source\repos\coursework\coursework\debug\main.obj
c:\users\e\source\repos\coursework\coursework\debug\filesystemtools.obj
c:\users\e\source\repos\coursework\coursework\debug\exif.obj
c:\users\e\source\repos\coursework\coursework\debug\imgpoint.obj
c:\users\e\source\repos\coursework\coursework\debug\zone.obj
c:\users\e\source\repos\coursework\coursework\debug\imgmap.obj
c:\users\e\source\repos\coursework\coursework\debug\geopoint.obj
c:\users\e\source\repos\coursework\coursework\debug\configs.obj
c:\users\e\source\repos\coursework\coursework\debug\arguments.obj
c:\users\e\source\repos\coursework\debug\coursework.ilk
c:\users\e\source\repos\coursework\debug\coursework.exe
c:\users\e\source\repos\coursework\debug\coursework.pdb
c:\users\e\source\repos\coursework\coursework\debug\coursework.tlog\cl.command.1.tlog
c:\users\e\source\repos\coursework\coursework\debug\coursework.tlog\cl.read.1.tlog
c:\users\e\source\repos\coursework\coursework\debug\coursework.tlog\cl.write.1.tlog
c:\users\e\source\repos\coursework\coursework\debug\coursework.tlog\link-cvtres.read.1.tlog
c:\users\e\source\repos\coursework\coursework\debug\coursework.tlog\link-cvtres.write.1.tlog
c:\users\e\source\repos\coursework\coursework\debug\coursework.tlog\link-rc.read.1.tlog
c:\users\e\source\repos\coursework\coursework\debug\coursework.tlog\link-rc.write.1.tlog
c:\users\e\source\repos\coursework\coursework\debug\coursework.tlog\link.4892-cvtres.read.1.tlog
c:\users\e\source\repos\coursework\coursework\debug\coursework.tlog\link.4892-cvtres.write.1.tlog
c:\users\e\source\repos\coursework\coursework\debug\coursework.tlog\link.4892-rc.read.1.tlog
c:\users\e\source\repos\coursework\coursework\debug\coursework.tlog\link.4892-rc.write.1.tlog
c:\users\e\source\repos\coursework\coursework\debug\coursework.tlog\link.4892.read.1.tlog
c:\users\e\source\repos\coursework\coursework\debug\coursework.tlog\link.4892.write.1.tlog
c:\users\e\source\repos\coursework\coursework\debug\coursework.tlog\link.command.1.tlog
c:\users\e\source\repos\coursework\coursework\debug\coursework.tlog\link.read.1.tlog
c:\users\e\source\repos\coursework\coursework\debug\coursework.tlog\link.write.1.tlog
